# JRE version: Java(TM) SE Runtime Environment (17.0.1+12) (build 17.0.1+12-LTS-39)
# Java VM: Java HotSpot(TM) 64-Bit Server VM (17.0.1+12-LTS-39, mixed mode, sharing, tiered, compressed oops, compressed class ptrs, parallel gc, windows-amd64)
GC Precious Log:
 CPUs: 4 total, 4 available
 Memory: 8083M
 Large Page Support: Disabled
 NUMA Support: Disabled
 Compressed Oops: Enabled (32-bit)
 Alignments: Space 512K, Generation 512K, Heap 2M
 Heap Min Capacity: 100M
 Heap Initial Capacity: 100M
 Heap Max Capacity: 1G
 Pre-touch: Disabled
 Parallel Workers: 4
Heap:
 PSYoungGen      total 21504K, used 1364K [0x00000000eab00000, 0x00000000ec780000, 0x0000000100000000)
  eden space 19968K, 6% used [0x00000000eab00000,0x00000000eac552b8,0x00000000ebe80000)
  from space 1536K, 0% used [0x00000000ec080000,0x00000000ec080000,0x00000000ec200000)
  to   space 2560K, 0% used [0x00000000ec500000,0x00000000ec500000,0x00000000ec780000)
 ParOldGen       total 68608K, used 25801K [0x00000000c0000000, 0x00000000c4300000, 0x00000000eab00000)
  object space 68608K, 37% used [0x00000000c0000000,0x00000000c1932718,0x00000000c4300000)
 Metaspace       used 35377K, committed 35968K, reserved 1089536K
  class space    used 3437K, committed 3712K, reserved 1048576K
GC Heap History (20 events):
Event: 4.905 GC heap before
{Heap before GC invocations=4 (full 1):
 PSYoungGen      total 29696K, used 4093K [0x00000000eab00000, 0x00000000ecc00000, 0x0000000100000000)
  eden space 25600K, 0% used [0x00000000eab00000,0x00000000eab00000,0x00000000ec400000)
  from space 4096K, 99% used [0x00000000ec400000,0x00000000ec7ff6b8,0x00000000ec800000)
  to   space 4096K, 0% used [0x00000000ec800000,0x00000000ec800000,0x00000000ecc00000)
 ParOldGen       total 68608K, used 3572K [0x00000000c0000000, 0x00000000c4300000, 0x00000000eab00000)
  object space 68608K, 5% used [0x00000000c0000000,0x00000000c037d248,0x00000000c4300000)
 Metaspace       used 21051K, committed 21504K, reserved 1073152K
  class space    used 2002K, committed 2176K, reserved 1048576K
}
Event: 4.934 GC heap after
{Heap after GC invocations=4 (full 1):
 PSYoungGen      total 29696K, used 0K [0x00000000eab00000, 0x00000000ecc00000, 0x0000000100000000)
  eden space 25600K, 0% used [0x00000000eab00000,0x00000000eab00000,0x00000000ec400000)
  from space 4096K, 0% used [0x00000000ec400000,0x00000000ec400000,0x00000000ec800000)
  to   space 4096K, 0% used [0x00000000ec800000,0x00000000ec800000,0x00000000ecc00000)
 ParOldGen       total 68608K, used 7505K [0x00000000c0000000, 0x00000000c4300000, 0x00000000eab00000)
  object space 68608K, 10% used [0x00000000c0000000,0x00000000c0754480,0x00000000c4300000)
 Metaspace       used 21051K, committed 21504K, reserved 1073152K
  class space    used 2002K, committed 2176K, reserved 1048576K
}
Event: 5.561 GC heap before
{Heap before GC invocations=5 (full 1):
 PSYoungGen      total 29696K, used 25600K [0x00000000eab00000, 0x00000000ecc00000, 0x0000000100000000)
  eden space 25600K, 100% used [0x00000000eab00000,0x00000000ec400000,0x00000000ec400000)
  from space 4096K, 0% used [0x00000000ec400000,0x00000000ec400000,0x00000000ec800000)
  to   space 4096K, 0% used [0x00000000ec800000,0x00000000ec800000,0x00000000ecc00000)
 ParOldGen       total 68608K, used 7505K [0x00000000c0000000, 0x00000000c4300000, 0x00000000eab00000)
  object space 68608K, 10% used [0x00000000c0000000,0x00000000c0754480,0x00000000c4300000)
 Metaspace       used 25453K, committed 26112K, reserved 1073152K
  class space    used 2526K, committed 2816K, reserved 1048576K
}
Event: 5.565 GC heap after
{Heap after GC invocations=5 (full 1):
 PSYoungGen      total 29696K, used 2822K [0x00000000eab00000, 0x00000000ecc00000, 0x0000000100000000)
  eden space 25600K, 0% used [0x00000000eab00000,0x00000000eab00000,0x00000000ec400000)
  from space 4096K, 68% used [0x00000000ec800000,0x00000000ecac1950,0x00000000ecc00000)
  to   space 4096K, 0% used [0x00000000ec400000,0x00000000ec400000,0x00000000ec800000)
 ParOldGen       total 68608K, used 7513K [0x00000000c0000000, 0x00000000c4300000, 0x00000000eab00000)
  object space 68608K, 10% used [0x00000000c0000000,0x00000000c0756480,0x00000000c4300000)
 Metaspace       used 25453K, committed 26112K, reserved 1073152K
  class space    used 2526K, committed 2816K, reserved 1048576K
}
Event: 5.892 GC heap before
{Heap before GC invocations=6 (full 1):
 PSYoungGen      total 29696K, used 28422K [0x00000000eab00000, 0x00000000ecc00000, 0x0000000100000000)
  eden space 25600K, 100% used [0x00000000eab00000,0x00000000ec400000,0x00000000ec400000)
  from space 4096K, 68% used [0x00000000ec800000,0x00000000ecac1950,0x00000000ecc00000)
  to   space 4096K, 0% used [0x00000000ec400000,0x00000000ec400000,0x00000000ec800000)
 ParOldGen       total 68608K, used 7513K [0x00000000c0000000, 0x00000000c4300000, 0x00000000eab00000)
  object space 68608K, 10% used [0x00000000c0000000,0x00000000c0756480,0x00000000c4300000)
 Metaspace       used 25656K, committed 26304K, reserved 1073152K
  class space    used 2544K, committed 2816K, reserved 1048576K
}
Event: 5.896 GC heap after
{Heap after GC invocations=6 (full 1):
 PSYoungGen      total 29184K, used 4081K [0x00000000eab00000, 0x00000000ece80000, 0x0000000100000000)
  eden space 25088K, 0% used [0x00000000eab00000,0x00000000eab00000,0x00000000ec380000)
  from space 4096K, 99% used [0x00000000ec400000,0x00000000ec7fc640,0x00000000ec800000)
  to   space 5632K, 0% used [0x00000000ec900000,0x00000000ec900000,0x00000000ece80000)
 ParOldGen       total 68608K, used 8617K [0x00000000c0000000, 0x00000000c4300000, 0x00000000eab00000)
  object space 68608K, 12% used [0x00000000c0000000,0x00000000c086a4b0,0x00000000c4300000)
 Metaspace       used 25656K, committed 26304K, reserved 1073152K
  class space    used 2544K, committed 2816K, reserved 1048576K
}
Event: 6.110 GC heap before
{Heap before GC invocations=7 (full 1):
 PSYoungGen      total 29184K, used 29169K [0x00000000eab00000, 0x00000000ece80000, 0x0000000100000000)
  eden space 25088K, 100% used [0x00000000eab00000,0x00000000ec380000,0x00000000ec380000)
  from space 4096K, 99% used [0x00000000ec400000,0x00000000ec7fc640,0x00000000ec800000)
  to   space 5632K, 0% used [0x00000000ec900000,0x00000000ec900000,0x00000000ece80000)
 ParOldGen       total 68608K, used 8617K [0x00000000c0000000, 0x00000000c4300000, 0x00000000eab00000)
  object space 68608K, 12% used [0x00000000c0000000,0x00000000c086a4b0,0x00000000c4300000)
 Metaspace       used 25715K, committed 26368K, reserved 1073152K
  class space    used 2557K, committed 2816K, reserved 1048576K
}
Event: 6.116 GC heap after
{Heap after GC invocations=7 (full 1):
 PSYoungGen      total 28672K, used 5601K [0x00000000eab00000, 0x00000000ed200000, 0x0000000100000000)
  eden space 23040K, 0% used [0x00000000eab00000,0x00000000eab00000,0x00000000ec180000)
  from space 5632K, 99% used [0x00000000ec900000,0x00000000ece78640,0x00000000ece80000)
  to   space 7680K, 0% used [0x00000000ec180000,0x00000000ec180000,0x00000000ec900000)
 ParOldGen       total 68608K, used 10113K [0x00000000c0000000, 0x00000000c4300000, 0x00000000eab00000)
  object space 68608K, 14% used [0x00000000c0000000,0x00000000c09e04c0,0x00000000c4300000)
 Metaspace       used 25715K, committed 26368K, reserved 1073152K
  class space    used 2557K, committed 2816K, reserved 1048576K
}
Event: 6.237 GC heap before
{Heap before GC invocations=8 (full 1):
 PSYoungGen      total 28672K, used 28641K [0x00000000eab00000, 0x00000000ed200000, 0x0000000100000000)
  eden space 23040K, 100% used [0x00000000eab00000,0x00000000ec180000,0x00000000ec180000)
  from space 5632K, 99% used [0x00000000ec900000,0x00000000ece78640,0x00000000ece80000)
  to   space 7680K, 0% used [0x00000000ec180000,0x00000000ec180000,0x00000000ec900000)
 ParOldGen       total 68608K, used 10113K [0x00000000c0000000, 0x00000000c4300000, 0x00000000eab00000)
  object space 68608K, 14% used [0x00000000c0000000,0x00000000c09e04c0,0x00000000c4300000)
 Metaspace       used 25715K, committed 26368K, reserved 1073152K
  class space    used 2557K, committed 2816K, reserved 1048576K
}
Event: 6.243 GC heap after
{Heap after GC invocations=8 (full 1):
 PSYoungGen      total 30208K, used 7675K [0x00000000eab00000, 0x00000000ed200000, 0x0000000100000000)
  eden space 22528K, 0% used [0x00000000eab00000,0x00000000eab00000,0x00000000ec100000)
  from space 7680K, 99% used [0x00000000ec180000,0x00000000ec8fed30,0x00000000ec900000)
  to   space 8704K, 0% used [0x00000000ec980000,0x00000000ec980000,0x00000000ed200000)
 ParOldGen       total 68608K, used 10641K [0x00000000c0000000, 0x00000000c4300000, 0x00000000eab00000)
  object space 68608K, 15% used [0x00000000c0000000,0x00000000c0a644c0,0x00000000c4300000)
 Metaspace       used 25715K, committed 26368K, reserved 1073152K
  class space    used 2557K, committed 2816K, reserved 1048576K
}
Event: 6.900 GC heap before
{Heap before GC invocations=9 (full 1):
 PSYoungGen      total 30208K, used 30203K [0x00000000eab00000, 0x00000000ed200000, 0x0000000100000000)
  eden space 22528K, 100% used [0x00000000eab00000,0x00000000ec100000,0x00000000ec100000)
  from space 7680K, 99% used [0x00000000ec180000,0x00000000ec8fed30,0x00000000ec900000)
  to   space 8704K, 0% used [0x00000000ec980000,0x00000000ec980000,0x00000000ed200000)
 ParOldGen       total 68608K, used 10641K [0x00000000c0000000, 0x00000000c4300000, 0x00000000eab00000)
  object space 68608K, 15% used [0x00000000c0000000,0x00000000c0a644c0,0x00000000c4300000)
 Metaspace       used 25887K, committed 26560K, reserved 1073152K
  class space    used 2573K, committed 2880K, reserved 1048576K
}
Event: 6.909 GC heap after
{Heap after GC invocations=9 (full 1):
 PSYoungGen      total 28672K, used 8684K [0x00000000eab00000, 0x00000000ed680000, 0x0000000100000000)
  eden space 19968K, 0% used [0x00000000eab00000,0x00000000eab00000,0x00000000ebe80000)
  from space 8704K, 99% used [0x00000000ec980000,0x00000000ed1fb2d8,0x00000000ed200000)
  to   space 11264K, 0% used [0x00000000ebe80000,0x00000000ebe80000,0x00000000ec980000)
 ParOldGen       total 68608K, used 12711K [0x00000000c0000000, 0x00000000c4300000, 0x00000000eab00000)
  object space 68608K, 18% used [0x00000000c0000000,0x00000000c0c69f18,0x00000000c4300000)
 Metaspace       used 25887K, committed 26560K, reserved 1073152K
  class space    used 2573K, committed 2880K, reserved 1048576K
}
Event: 9.032 GC heap before
{Heap before GC invocations=10 (full 1):
 PSYoungGen      total 28672K, used 28652K [0x00000000eab00000, 0x00000000ed680000, 0x0000000100000000)
  eden space 19968K, 100% used [0x00000000eab00000,0x00000000ebe80000,0x00000000ebe80000)
  from space 8704K, 99% used [0x00000000ec980000,0x00000000ed1fb2d8,0x00000000ed200000)
  to   space 11264K, 0% used [0x00000000ebe80000,0x00000000ebe80000,0x00000000ec980000)
 ParOldGen       total 68608K, used 12711K [0x00000000c0000000, 0x00000000c4300000, 0x00000000eab00000)
  object space 68608K, 18% used [0x00000000c0000000,0x00000000c0c69f18,0x00000000c4300000)
 Metaspace       used 30809K, committed 31424K, reserved 1081344K
  class space    used 3089K, committed 3328K, reserved 1048576K
}
Event: 9.039 GC heap after
{Heap after GC invocations=10 (full 1):
 PSYoungGen      total 27136K, used 6949K [0x00000000eab00000, 0x00000000ecf80000, 0x0000000100000000)
  eden space 19968K, 0% used [0x00000000eab00000,0x00000000eab00000,0x00000000ebe80000)
  from space 7168K, 96% used [0x00000000ebe80000,0x00000000ec549410,0x00000000ec580000)
  to   space 8704K, 0% used [0x00000000ec700000,0x00000000ec700000,0x00000000ecf80000)
 ParOldGen       total 68608K, used 16195K [0x00000000c0000000, 0x00000000c4300000, 0x00000000eab00000)
  object space 68608K, 23% used [0x00000000c0000000,0x00000000c0fd0e38,0x00000000c4300000)
 Metaspace       used 30809K, committed 31424K, reserved 1081344K
  class space    used 3089K, committed 3328K, reserved 1048576K
}
Event: 10.197 GC heap before
{Heap before GC invocations=11 (full 1):
 PSYoungGen      total 27136K, used 26917K [0x00000000eab00000, 0x00000000ecf80000, 0x0000000100000000)
  eden space 19968K, 100% used [0x00000000eab00000,0x00000000ebe80000,0x00000000ebe80000)
  from space 7168K, 96% used [0x00000000ebe80000,0x00000000ec549410,0x00000000ec580000)
  to   space 8704K, 0% used [0x00000000ec700000,0x00000000ec700000,0x00000000ecf80000)
 ParOldGen       total 68608K, used 16195K [0x00000000c0000000, 0x00000000c4300000, 0x00000000eab00000)
  object space 68608K, 23% used [0x00000000c0000000,0x00000000c0fd0e38,0x00000000c4300000)
 Metaspace       used 33044K, committed 33600K, reserved 1081344K
  class space    used 3270K, committed 3520K, reserved 1048576K
}
Event: 10.204 GC heap after
{Heap after GC invocations=11 (full 1):
 PSYoungGen      total 23552K, used 3363K [0x00000000eab00000, 0x00000000eca80000, 0x0000000100000000)
  eden space 19968K, 0% used [0x00000000eab00000,0x00000000eab00000,0x00000000ebe80000)
  from space 3584K, 93% used [0x00000000ec700000,0x00000000eca48fd0,0x00000000eca80000)
  to   space 5120K, 0% used [0x00000000ec080000,0x00000000ec080000,0x00000000ec580000)
 ParOldGen       total 68608K, used 21469K [0x00000000c0000000, 0x00000000c4300000, 0x00000000eab00000)
  object space 68608K, 31% used [0x00000000c0000000,0x00000000c14f7570,0x00000000c4300000)
 Metaspace       used 33044K, committed 33600K, reserved 1081344K
  class space    used 3270K, committed 3520K, reserved 1048576K
}
Event: 11.433 GC heap before
{Heap before GC invocations=12 (full 1):
 PSYoungGen      total 23552K, used 13033K [0x00000000eab00000, 0x00000000eca80000, 0x0000000100000000)
  eden space 19968K, 48% used [0x00000000eab00000,0x00000000eb471758,0x00000000ebe80000)
  from space 3584K, 93% used [0x00000000ec700000,0x00000000eca48fd0,0x00000000eca80000)
  to   space 5120K, 0% used [0x00000000ec080000,0x00000000ec080000,0x00000000ec580000)
 ParOldGen       total 68608K, used 21469K [0x00000000c0000000, 0x00000000c4300000, 0x00000000eab00000)
  object space 68608K, 31% used [0x00000000c0000000,0x00000000c14f7570,0x00000000c4300000)
 Metaspace       used 35240K, committed 35840K, reserved 1081344K
  class space    used 3433K, committed 3712K, reserved 1048576K
}
Event: 11.438 GC heap after
{Heap after GC invocations=12 (full 1):
 PSYoungGen      total 21504K, used 1534K [0x00000000eab00000, 0x00000000ec780000, 0x0000000100000000)
  eden space 19968K, 0% used [0x00000000eab00000,0x00000000eab00000,0x00000000ebe80000)
  from space 1536K, 99% used [0x00000000ec080000,0x00000000ec1ffab0,0x00000000ec200000)
  to   space 2560K, 0% used [0x00000000ec500000,0x00000000ec500000,0x00000000ec780000)
 ParOldGen       total 68608K, used 24762K [0x00000000c0000000, 0x00000000c4300000, 0x00000000eab00000)
  object space 68608K, 36% used [0x00000000c0000000,0x00000000c182e828,0x00000000c4300000)
 Metaspace       used 35240K, committed 35840K, reserved 1081344K
  class space    used 3433K, committed 3712K, reserved 1048576K
}
Event: 11.438 GC heap before
{Heap before GC invocations=13 (full 2):
 PSYoungGen      total 21504K, used 1534K [0x00000000eab00000, 0x00000000ec780000, 0x0000000100000000)
  eden space 19968K, 0% used [0x00000000eab00000,0x00000000eab00000,0x00000000ebe80000)
  from space 1536K, 99% used [0x00000000ec080000,0x00000000ec1ffab0,0x00000000ec200000)
  to   space 2560K, 0% used [0x00000000ec500000,0x00000000ec500000,0x00000000ec780000)
 ParOldGen       total 68608K, used 24762K [0x00000000c0000000, 0x00000000c4300000, 0x00000000eab00000)
  object space 68608K, 36% used [0x00000000c0000000,0x00000000c182e828,0x00000000c4300000)
 Metaspace       used 35240K, committed 35840K, reserved 1081344K
  class space    used 3433K, committed 3712K, reserved 1048576K
}
Event: 11.511 GC heap after
{Heap after GC invocations=13 (full 2):
 PSYoungGen      total 21504K, used 0K [0x00000000eab00000, 0x00000000ec780000, 0x0000000100000000)
  eden space 19968K, 0% used [0x00000000eab00000,0x00000000eab00000,0x00000000ebe80000)
  from space 1536K, 0% used [0x00000000ec080000,0x00000000ec080000,0x00000000ec200000)
  to   space 2560K, 0% used [0x00000000ec500000,0x00000000ec500000,0x00000000ec780000)
 ParOldGen       total 68608K, used 25801K [0x00000000c0000000, 0x00000000c4300000, 0x00000000eab00000)
  object space 68608K, 37% used [0x00000000c0000000,0x00000000c1932718,0x00000000c4300000)
 Metaspace       used 35240K, committed 35840K, reserved 1081344K
  class space    used 3433K, committed 3712K, reserved 1048576K
}

