# JRE version: Java(TM) SE Runtime Environment (17.0.1+12) (build 17.0.1+12-LTS-39)
# Java VM: Java HotSpot(TM) 64-Bit Server VM (17.0.1+12-LTS-39, mixed mode, sharing, tiered, compressed oops, compressed class ptrs, parallel gc, windows-amd64)
GC Precious Log:
 CPUs: 4 total, 4 available
 Memory: 8083M
 Large Page Support: Disabled
 NUMA Support: Disabled
 Compressed Oops: Enabled (32-bit)
 Alignments: Space 512K, Generation 512K, Heap 2M
 Heap Min Capacity: 100M
 Heap Initial Capacity: 100M
 Heap Max Capacity: 1G
 Pre-touch: Disabled
 Parallel Workers: 4
Heap:
 PSYoungGen      total 22016K, used 20560K [0x00000000eab00000, 0x00000000edc00000, 0x0000000100000000)
  eden space 21504K, 95% used [0x00000000eab00000,0x00000000ebf14100,0x00000000ec000000)
  from space 512K, 0% used [0x00000000ec800000,0x00000000ec800000,0x00000000ec880000)
  to   space 12288K, 0% used [0x00000000ed000000,0x00000000ed000000,0x00000000edc00000)
 ParOldGen       total 109568K, used 70094K [0x00000000c0000000, 0x00000000c6b00000, 0x00000000eab00000)
  object space 109568K, 63% used [0x00000000c0000000,0x00000000c4473840,0x00000000c6b00000)
 Metaspace       used 52044K, committed 52928K, reserved 1097728K
  class space    used 5457K, committed 5824K, reserved 1048576K
GC Heap History (20 events):
Event: 10.814 GC heap before
{Heap before GC invocations=12 (full 2):
 PSYoungGen      total 27648K, used 4514K [0x00000000eab00000, 0x00000000ece00000, 0x0000000100000000)
  eden space 23040K, 0% used [0x00000000eab00000,0x00000000eab00000,0x00000000ec180000)
  from space 4608K, 97% used [0x00000000ec980000,0x00000000ecde8968,0x00000000ece00000)
  to   space 5632K, 0% used [0x00000000ec300000,0x00000000ec300000,0x00000000ec880000)
 ParOldGen       total 68608K, used 22013K [0x00000000c0000000, 0x00000000c4300000, 0x00000000eab00000)
  object space 68608K, 32% used [0x00000000c0000000,0x00000000c157f4f8,0x00000000c4300000)
 Metaspace       used 35191K, committed 35840K, reserved 1081344K
  class space    used 3809K, committed 4096K, reserved 1048576K
}
Event: 10.895 GC heap after
{Heap after GC invocations=12 (full 2):
 PSYoungGen      total 27648K, used 0K [0x00000000eab00000, 0x00000000ece00000, 0x0000000100000000)
  eden space 23040K, 0% used [0x00000000eab00000,0x00000000eab00000,0x00000000ec180000)
  from space 4608K, 0% used [0x00000000ec980000,0x00000000ec980000,0x00000000ece00000)
  to   space 5632K, 0% used [0x00000000ec300000,0x00000000ec300000,0x00000000ec880000)
 ParOldGen       total 68608K, used 25954K [0x00000000c0000000, 0x00000000c4300000, 0x00000000eab00000)
  object space 68608K, 37% used [0x00000000c0000000,0x00000000c1958a88,0x00000000c4300000)
 Metaspace       used 35191K, committed 35840K, reserved 1081344K
  class space    used 3809K, committed 4096K, reserved 1048576K
}
Event: 11.837 GC heap before
{Heap before GC invocations=13 (full 2):
 PSYoungGen      total 27648K, used 23040K [0x00000000eab00000, 0x00000000ece00000, 0x0000000100000000)
  eden space 23040K, 100% used [0x00000000eab00000,0x00000000ec180000,0x00000000ec180000)
  from space 4608K, 0% used [0x00000000ec980000,0x00000000ec980000,0x00000000ece00000)
  to   space 5632K, 0% used [0x00000000ec300000,0x00000000ec300000,0x00000000ec880000)
 ParOldGen       total 68608K, used 25954K [0x00000000c0000000, 0x00000000c4300000, 0x00000000eab00000)
  object space 68608K, 37% used [0x00000000c0000000,0x00000000c1958a88,0x00000000c4300000)
 Metaspace       used 42053K, committed 42816K, reserved 1089536K
  class space    used 4561K, committed 4864K, reserved 1048576K
}
Event: 11.840 GC heap after
{Heap after GC invocations=13 (full 2):
 PSYoungGen      total 24576K, used 2006K [0x00000000eab00000, 0x00000000eca00000, 0x0000000100000000)
  eden space 22528K, 0% used [0x00000000eab00000,0x00000000eab00000,0x00000000ec100000)
  from space 2048K, 97% used [0x00000000ec300000,0x00000000ec4f5ba0,0x00000000ec500000)
  to   space 3072K, 0% used [0x00000000ec700000,0x00000000ec700000,0x00000000eca00000)
 ParOldGen       total 68608K, used 25962K [0x00000000c0000000, 0x00000000c4300000, 0x00000000eab00000)
  object space 68608K, 37% used [0x00000000c0000000,0x00000000c195aa88,0x00000000c4300000)
 Metaspace       used 42053K, committed 42816K, reserved 1089536K
  class space    used 4561K, committed 4864K, reserved 1048576K
}
Event: 12.938 GC heap before
{Heap before GC invocations=14 (full 2):
 PSYoungGen      total 24576K, used 24534K [0x00000000eab00000, 0x00000000eca00000, 0x0000000100000000)
  eden space 22528K, 100% used [0x00000000eab00000,0x00000000ec100000,0x00000000ec100000)
  from space 2048K, 97% used [0x00000000ec300000,0x00000000ec4f5ba0,0x00000000ec500000)
  to   space 3072K, 0% used [0x00000000ec700000,0x00000000ec700000,0x00000000eca00000)
 ParOldGen       total 68608K, used 25962K [0x00000000c0000000, 0x00000000c4300000, 0x00000000eab00000)
  object space 68608K, 37% used [0x00000000c0000000,0x00000000c195aa88,0x00000000c4300000)
 Metaspace       used 44377K, committed 45248K, reserved 1089536K
  class space    used 4834K, committed 5184K, reserved 1048576K
}
Event: 12.942 GC heap after
{Heap after GC invocations=14 (full 2):
 PSYoungGen      total 23040K, used 978K [0x00000000eab00000, 0x00000000ec800000, 0x0000000100000000)
  eden space 22016K, 0% used [0x00000000eab00000,0x00000000eab00000,0x00000000ec080000)
  from space 1024K, 95% used [0x00000000ec700000,0x00000000ec7f4968,0x00000000ec800000)
  to   space 1536K, 0% used [0x00000000ec500000,0x00000000ec500000,0x00000000ec680000)
 ParOldGen       total 68608K, used 27870K [0x00000000c0000000, 0x00000000c4300000, 0x00000000eab00000)
  object space 68608K, 40% used [0x00000000c0000000,0x00000000c1b378c0,0x00000000c4300000)
 Metaspace       used 44377K, committed 45248K, reserved 1089536K
  class space    used 4834K, committed 5184K, reserved 1048576K
}
Event: 13.335 GC heap before
{Heap before GC invocations=15 (full 2):
 PSYoungGen      total 23040K, used 15992K [0x00000000eab00000, 0x00000000ec800000, 0x0000000100000000)
  eden space 22016K, 68% used [0x00000000eab00000,0x00000000eb9a9960,0x00000000ec080000)
  from space 1024K, 95% used [0x00000000ec700000,0x00000000ec7f4968,0x00000000ec800000)
  to   space 1536K, 0% used [0x00000000ec500000,0x00000000ec500000,0x00000000ec680000)
 ParOldGen       total 68608K, used 27870K [0x00000000c0000000, 0x00000000c4300000, 0x00000000eab00000)
  object space 68608K, 40% used [0x00000000c0000000,0x00000000c1b378c0,0x00000000c4300000)
 Metaspace       used 45673K, committed 46528K, reserved 1097728K
  class space    used 4960K, committed 5312K, reserved 1048576K
}
Event: 13.341 GC heap after
{Heap after GC invocations=15 (full 2):
 PSYoungGen      total 23552K, used 750K [0x00000000eab00000, 0x00000000ec780000, 0x0000000100000000)
  eden space 22016K, 0% used [0x00000000eab00000,0x00000000eab00000,0x00000000ec080000)
  from space 1536K, 48% used [0x00000000ec500000,0x00000000ec5bb9f0,0x00000000ec680000)
  to   space 1024K, 0% used [0x00000000ec680000,0x00000000ec680000,0x00000000ec780000)
 ParOldGen       total 68608K, used 39050K [0x00000000c0000000, 0x00000000c4300000, 0x00000000eab00000)
  object space 68608K, 56% used [0x00000000c0000000,0x00000000c2622a50,0x00000000c4300000)
 Metaspace       used 45673K, committed 46528K, reserved 1097728K
  class space    used 4960K, committed 5312K, reserved 1048576K
}
Event: 13.493 GC heap before
{Heap before GC invocations=16 (full 3):
 PSYoungGen      total 23552K, used 22766K [0x00000000eab00000, 0x00000000ec780000, 0x0000000100000000)
  eden space 22016K, 100% used [0x00000000eab00000,0x00000000ec080000,0x00000000ec080000)
  from space 1536K, 48% used [0x00000000ec500000,0x00000000ec5bb9f0,0x00000000ec680000)
  to   space 1024K, 0% used [0x00000000ec680000,0x00000000ec680000,0x00000000ec780000)
 ParOldGen       total 68608K, used 65380K [0x00000000c0000000, 0x00000000c4300000, 0x00000000eab00000)
  object space 68608K, 95% used [0x00000000c0000000,0x00000000c3fd9000,0x00000000c4300000)
 Metaspace       used 46072K, committed 46912K, reserved 1097728K
  class space    used 4996K, committed 5376K, reserved 1048576K
}
Event: 13.593 GC heap after
{Heap after GC invocations=16 (full 3):
 PSYoungGen      total 22528K, used 0K [0x00000000eab00000, 0x00000000ec700000, 0x0000000100000000)
  eden space 22016K, 0% used [0x00000000eab00000,0x00000000eab00000,0x00000000ec080000)
  from space 512K, 0% used [0x00000000ec680000,0x00000000ec680000,0x00000000ec700000)
  to   space 1024K, 0% used [0x00000000ec500000,0x00000000ec500000,0x00000000ec600000)
 ParOldGen       total 79872K, used 41900K [0x00000000c0000000, 0x00000000c4e00000, 0x00000000eab00000)
  object space 79872K, 52% used [0x00000000c0000000,0x00000000c28eb230,0x00000000c4e00000)
 Metaspace       used 46072K, committed 46912K, reserved 1097728K
  class space    used 4996K, committed 5376K, reserved 1048576K
}
Event: 13.949 GC heap before
{Heap before GC invocations=17 (full 3):
 PSYoungGen      total 22528K, used 22016K [0x00000000eab00000, 0x00000000ec700000, 0x0000000100000000)
  eden space 22016K, 100% used [0x00000000eab00000,0x00000000ec080000,0x00000000ec080000)
  from space 512K, 0% used [0x00000000ec680000,0x00000000ec680000,0x00000000ec700000)
  to   space 1024K, 0% used [0x00000000ec500000,0x00000000ec500000,0x00000000ec600000)
 ParOldGen       total 79872K, used 41900K [0x00000000c0000000, 0x00000000c4e00000, 0x00000000eab00000)
  object space 79872K, 52% used [0x00000000c0000000,0x00000000c28eb230,0x00000000c4e00000)
 Metaspace       used 46866K, committed 47744K, reserved 1097728K
  class space    used 5067K, committed 5440K, reserved 1048576K
}
Event: 13.960 GC heap after
{Heap after GC invocations=17 (full 3):
 PSYoungGen      total 22528K, used 993K [0x00000000eab00000, 0x00000000edc00000, 0x0000000100000000)
  eden space 21504K, 0% used [0x00000000eab00000,0x00000000eab00000,0x00000000ec000000)
  from space 1024K, 97% used [0x00000000ec500000,0x00000000ec5f8568,0x00000000ec600000)
  to   space 14336K, 0% used [0x00000000ece00000,0x00000000ece00000,0x00000000edc00000)
 ParOldGen       total 79872K, used 52876K [0x00000000c0000000, 0x00000000c4e00000, 0x00000000eab00000)
  object space 79872K, 66% used [0x00000000c0000000,0x00000000c33a3250,0x00000000c4e00000)
 Metaspace       used 46866K, committed 47744K, reserved 1097728K
  class space    used 5067K, committed 5440K, reserved 1048576K
}
Event: 14.195 GC heap before
{Heap before GC invocations=18 (full 3):
 PSYoungGen      total 22528K, used 22488K [0x00000000eab00000, 0x00000000edc00000, 0x0000000100000000)
  eden space 21504K, 99% used [0x00000000eab00000,0x00000000ebffdd68,0x00000000ec000000)
  from space 1024K, 97% used [0x00000000ec500000,0x00000000ec5f8568,0x00000000ec600000)
  to   space 14336K, 0% used [0x00000000ece00000,0x00000000ece00000,0x00000000edc00000)
 ParOldGen       total 79872K, used 52876K [0x00000000c0000000, 0x00000000c4e00000, 0x00000000eab00000)
  object space 79872K, 66% used [0x00000000c0000000,0x00000000c33a3250,0x00000000c4e00000)
 Metaspace       used 47595K, committed 48448K, reserved 1097728K
  class space    used 5119K, committed 5504K, reserved 1048576K
}
Event: 14.207 GC heap after
{Heap after GC invocations=18 (full 3):
 PSYoungGen      total 34816K, used 13012K [0x00000000eab00000, 0x00000000edb00000, 0x0000000100000000)
  eden space 21504K, 0% used [0x00000000eab00000,0x00000000eab00000,0x00000000ec000000)
  from space 13312K, 97% used [0x00000000ece00000,0x00000000edab52c0,0x00000000edb00000)
  to   space 13824K, 0% used [0x00000000ec000000,0x00000000ec000000,0x00000000ecd80000)
 ParOldGen       total 79872K, used 53867K [0x00000000c0000000, 0x00000000c4e00000, 0x00000000eab00000)
  object space 79872K, 67% used [0x00000000c0000000,0x00000000c349aee8,0x00000000c4e00000)
 Metaspace       used 47595K, committed 48448K, reserved 1097728K
  class space    used 5119K, committed 5504K, reserved 1048576K
}
Event: 14.487 GC heap before
{Heap before GC invocations=19 (full 3):
 PSYoungGen      total 34816K, used 34516K [0x00000000eab00000, 0x00000000edb00000, 0x0000000100000000)
  eden space 21504K, 100% used [0x00000000eab00000,0x00000000ec000000,0x00000000ec000000)
  from space 13312K, 97% used [0x00000000ece00000,0x00000000edab52c0,0x00000000edb00000)
  to   space 13824K, 0% used [0x00000000ec000000,0x00000000ec000000,0x00000000ecd80000)
 ParOldGen       total 79872K, used 53867K [0x00000000c0000000, 0x00000000c4e00000, 0x00000000eab00000)
  object space 79872K, 67% used [0x00000000c0000000,0x00000000c349aee8,0x00000000c4e00000)
 Metaspace       used 48038K, committed 48896K, reserved 1097728K
  class space    used 5142K, committed 5504K, reserved 1048576K
}
Event: 14.522 GC heap after
{Heap after GC invocations=19 (full 3):
 PSYoungGen      total 35328K, used 13812K [0x00000000eab00000, 0x00000000ef700000, 0x0000000100000000)
  eden space 21504K, 0% used [0x00000000eab00000,0x00000000eab00000,0x00000000ec000000)
  from space 13824K, 99% used [0x00000000ec000000,0x00000000ecd7d2c0,0x00000000ecd80000)
  to   space 28160K, 0% used [0x00000000edb80000,0x00000000edb80000,0x00000000ef700000)
 ParOldGen       total 79872K, used 65853K [0x00000000c0000000, 0x00000000c4e00000, 0x00000000eab00000)
  object space 79872K, 82% used [0x00000000c0000000,0x00000000c404f468,0x00000000c4e00000)
 Metaspace       used 48038K, committed 48896K, reserved 1097728K
  class space    used 5142K, committed 5504K, reserved 1048576K
}
Event: 16.282 GC heap before
{Heap before GC invocations=20 (full 3):
 PSYoungGen      total 35328K, used 35316K [0x00000000eab00000, 0x00000000ef700000, 0x0000000100000000)
  eden space 21504K, 99% used [0x00000000eab00000,0x00000000ebffffa8,0x00000000ec000000)
  from space 13824K, 99% used [0x00000000ec000000,0x00000000ecd7d2c0,0x00000000ecd80000)
  to   space 28160K, 0% used [0x00000000edb80000,0x00000000edb80000,0x00000000ef700000)
 ParOldGen       total 79872K, used 65853K [0x00000000c0000000, 0x00000000c4e00000, 0x00000000eab00000)
  object space 79872K, 82% used [0x00000000c0000000,0x00000000c404f468,0x00000000c4e00000)
 Metaspace       used 50754K, committed 51584K, reserved 1097728K
  class space    used 5324K, committed 5696K, reserved 1048576K
}
Event: 16.303 GC heap after
{Heap after GC invocations=20 (full 3):
 PSYoungGen      total 26112K, used 4544K [0x00000000eab00000, 0x00000000ee000000, 0x0000000100000000)
  eden space 21504K, 0% used [0x00000000eab00000,0x00000000eab00000,0x00000000ec000000)
  from space 4608K, 98% used [0x00000000edb80000,0x00000000edff0000,0x00000000ee000000)
  to   space 12288K, 0% used [0x00000000ec800000,0x00000000ec800000,0x00000000ed400000)
 ParOldGen       total 79872K, used 79622K [0x00000000c0000000, 0x00000000c4e00000, 0x00000000eab00000)
  object space 79872K, 99% used [0x00000000c0000000,0x00000000c4dc1af8,0x00000000c4e00000)
 Metaspace       used 50754K, committed 51584K, reserved 1097728K
  class space    used 5324K, committed 5696K, reserved 1048576K
}
Event: 16.303 GC heap before
{Heap before GC invocations=21 (full 4):
 PSYoungGen      total 26112K, used 4544K [0x00000000eab00000, 0x00000000ee000000, 0x0000000100000000)
  eden space 21504K, 0% used [0x00000000eab00000,0x00000000eab00000,0x00000000ec000000)
  from space 4608K, 98% used [0x00000000edb80000,0x00000000edff0000,0x00000000ee000000)
  to   space 12288K, 0% used [0x00000000ec800000,0x00000000ec800000,0x00000000ed400000)
 ParOldGen       total 79872K, used 79622K [0x00000000c0000000, 0x00000000c4e00000, 0x00000000eab00000)
  object space 79872K, 99% used [0x00000000c0000000,0x00000000c4dc1af8,0x00000000c4e00000)
 Metaspace       used 50754K, committed 51584K, reserved 1097728K
  class space    used 5324K, committed 5696K, reserved 1048576K
}
Event: 16.477 GC heap after
{Heap after GC invocations=21 (full 4):
 PSYoungGen      total 22016K, used 0K [0x00000000eab00000, 0x00000000edc00000, 0x0000000100000000)
  eden space 21504K, 0% used [0x00000000eab00000,0x00000000eab00000,0x00000000ec000000)
  from space 512K, 0% used [0x00000000ec800000,0x00000000ec800000,0x00000000ec880000)
  to   space 12288K, 0% used [0x00000000ed000000,0x00000000ed000000,0x00000000edc00000)
 ParOldGen       total 109568K, used 70094K [0x00000000c0000000, 0x00000000c6b00000, 0x00000000eab00000)
  object space 109568K, 63% used [0x00000000c0000000,0x00000000c4473840,0x00000000c6b00000)
 Metaspace       used 50754K, committed 51584K, reserved 1097728K
  class space    used 5324K, committed 5696K, reserved 1048576K
}

